# JRE version: OpenJDK Runtime Environment Temurin-17.0.8.1+1 (17.0.8.1+1) (build 17.0.8.1+1)
# Java VM: OpenJDK 64-Bit Server VM Temurin-17.0.8.1+1 (17.0.8.1+1, mixed mode, emulated-client, tiered, compressed oops, compressed class ptrs, g1 gc, windows-amd64)
GC Precious Log:
 CPUs: 8 total, 8 available
 Memory: 16297M
 Large Page Support: Disabled
 NUMA Support: Disabled
 Compressed Oops: Enabled (32-bit)
 Heap Region Size: 1M
 Heap Min Capacity: 8M
 Heap Initial Capacity: 256M
 Heap Max Capacity: 1G
 Pre-touch: Disabled
 Parallel Workers: 8
 Concurrent Workers: 2
 Concurrent Refinement Workers: 8
 Periodic GC: Disabled
Heap:
 garbage-first heap   total 122880K, used 36774K [0x00000000c0000000, 0x0000000100000000)
  region size 1024K, 1 young (1024K), 0 survivors (0K)
 Metaspace       used 59701K, committed 60352K, reserved 1114112K
  class space    used 7097K, committed 7360K, reserved 1048576K
GC Heap History (20 events):
Event: 14591.081 GC heap before
{Heap before GC invocations=1125 (full 1110):
 garbage-first heap   total 122880K, used 36774K [0x00000000c0000000, 0x0000000100000000)
  region size 1024K, 1 young (1024K), 0 survivors (0K)
 Metaspace       used 59701K, committed 60352K, reserved 1114112K
  class space    used 7097K, committed 7360K, reserved 1048576K
}
Event: 14591.122 GC heap after
{Heap after GC invocations=1126 (full 1111):
 garbage-first heap   total 122880K, used 36774K [0x00000000c0000000, 0x0000000100000000)
  region size 1024K, 0 young (0K), 0 survivors (0K)
 Metaspace       used 59701K, committed 60352K, reserved 1114112K
  class space    used 7097K, committed 7360K, reserved 1048576K
}
Event: 14601.360 GC heap before
{Heap before GC invocations=1126 (full 1111):
 garbage-first heap   total 122880K, used 36774K [0x00000000c0000000, 0x0000000100000000)
  region size 1024K, 1 young (1024K), 0 survivors (0K)
 Metaspace       used 59701K, committed 60352K, reserved 1114112K
  class space    used 7097K, committed 7360K, reserved 1048576K
}
Event: 14601.393 GC heap after
{Heap after GC invocations=1127 (full 1112):
 garbage-first heap   total 122880K, used 36774K [0x00000000c0000000, 0x0000000100000000)
  region size 1024K, 0 young (0K), 0 survivors (0K)
 Metaspace       used 59701K, committed 60352K, reserved 1114112K
  class space    used 7097K, committed 7360K, reserved 1048576K
}
Event: 14611.648 GC heap before
{Heap before GC invocations=1127 (full 1112):
 garbage-first heap   total 122880K, used 36774K [0x00000000c0000000, 0x0000000100000000)
  region size 1024K, 1 young (1024K), 0 survivors (0K)
 Metaspace       used 59701K, committed 60352K, reserved 1114112K
  class space    used 7097K, committed 7360K, reserved 1048576K
}
Event: 14611.697 GC heap after
{Heap after GC invocations=1128 (full 1113):
 garbage-first heap   total 122880K, used 36774K [0x00000000c0000000, 0x0000000100000000)
  region size 1024K, 0 young (0K), 0 survivors (0K)
 Metaspace       used 59701K, committed 60352K, reserved 1114112K
  class space    used 7097K, committed 7360K, reserved 1048576K
}
Event: 14621.944 GC heap before
{Heap before GC invocations=1128 (full 1113):
 garbage-first heap   total 122880K, used 36774K [0x00000000c0000000, 0x0000000100000000)
  region size 1024K, 1 young (1024K), 0 survivors (0K)
 Metaspace       used 59701K, committed 60352K, reserved 1114112K
  class space    used 7097K, committed 7360K, reserved 1048576K
}
Event: 14621.984 GC heap after
{Heap after GC invocations=1129 (full 1114):
 garbage-first heap   total 122880K, used 36774K [0x00000000c0000000, 0x0000000100000000)
  region size 1024K, 0 young (0K), 0 survivors (0K)
 Metaspace       used 59701K, committed 60352K, reserved 1114112K
  class space    used 7097K, committed 7360K, reserved 1048576K
}
Event: 14632.240 GC heap before
{Heap before GC invocations=1129 (full 1114):
 garbage-first heap   total 122880K, used 36774K [0x00000000c0000000, 0x0000000100000000)
  region size 1024K, 1 young (1024K), 0 survivors (0K)
 Metaspace       used 59701K, committed 60352K, reserved 1114112K
  class space    used 7097K, committed 7360K, reserved 1048576K
}
Event: 14632.293 GC heap after
{Heap after GC invocations=1130 (full 1115):
 garbage-first heap   total 122880K, used 36774K [0x00000000c0000000, 0x0000000100000000)
  region size 1024K, 0 young (0K), 0 survivors (0K)
 Metaspace       used 59701K, committed 60352K, reserved 1114112K
  class space    used 7097K, committed 7360K, reserved 1048576K
}
Event: 14642.536 GC heap before
{Heap before GC invocations=1130 (full 1115):
 garbage-first heap   total 122880K, used 36774K [0x00000000c0000000, 0x0000000100000000)
  region size 1024K, 1 young (1024K), 0 survivors (0K)
 Metaspace       used 59701K, committed 60352K, reserved 1114112K
  class space    used 7097K, committed 7360K, reserved 1048576K
}
Event: 14642.583 GC heap after
{Heap after GC invocations=1131 (full 1116):
 garbage-first heap   total 122880K, used 36774K [0x00000000c0000000, 0x0000000100000000)
  region size 1024K, 0 young (0K), 0 survivors (0K)
 Metaspace       used 59701K, committed 60352K, reserved 1114112K
  class space    used 7097K, committed 7360K, reserved 1048576K
}
Event: 14654.020 GC heap before
{Heap before GC invocations=1131 (full 1116):
 garbage-first heap   total 122880K, used 36774K [0x00000000c0000000, 0x0000000100000000)
  region size 1024K, 1 young (1024K), 0 survivors (0K)
 Metaspace       used 59701K, committed 60352K, reserved 1114112K
  class space    used 7097K, committed 7360K, reserved 1048576K
}
Event: 14654.084 GC heap after
{Heap after GC invocations=1132 (full 1117):
 garbage-first heap   total 122880K, used 36774K [0x00000000c0000000, 0x0000000100000000)
  region size 1024K, 0 young (0K), 0 survivors (0K)
 Metaspace       used 59701K, committed 60352K, reserved 1114112K
  class space    used 7097K, committed 7360K, reserved 1048576K
}
Event: 14664.364 GC heap before
{Heap before GC invocations=1132 (full 1117):
 garbage-first heap   total 122880K, used 36774K [0x00000000c0000000, 0x0000000100000000)
  region size 1024K, 1 young (1024K), 0 survivors (0K)
 Metaspace       used 59701K, committed 60352K, reserved 1114112K
  class space    used 7097K, committed 7360K, reserved 1048576K
}
Event: 14664.410 GC heap after
{Heap after GC invocations=1133 (full 1118):
 garbage-first heap   total 122880K, used 36774K [0x00000000c0000000, 0x0000000100000000)
  region size 1024K, 0 young (0K), 0 survivors (0K)
 Metaspace       used 59701K, committed 60352K, reserved 1114112K
  class space    used 7097K, committed 7360K, reserved 1048576K
}
Event: 14674.677 GC heap before
{Heap before GC invocations=1133 (full 1118):
 garbage-first heap   total 122880K, used 36774K [0x00000000c0000000, 0x0000000100000000)
  region size 1024K, 1 young (1024K), 0 survivors (0K)
 Metaspace       used 59701K, committed 60352K, reserved 1114112K
  class space    used 7097K, committed 7360K, reserved 1048576K
}
Event: 14674.716 GC heap after
{Heap after GC invocations=1134 (full 1119):
 garbage-first heap   total 122880K, used 36774K [0x00000000c0000000, 0x0000000100000000)
  region size 1024K, 0 young (0K), 0 survivors (0K)
 Metaspace       used 59701K, committed 60352K, reserved 1114112K
  class space    used 7097K, committed 7360K, reserved 1048576K
}
Event: 14684.989 GC heap before
{Heap before GC invocations=1134 (full 1119):
 garbage-first heap   total 122880K, used 36774K [0x00000000c0000000, 0x0000000100000000)
  region size 1024K, 1 young (1024K), 0 survivors (0K)
 Metaspace       used 59701K, committed 60352K, reserved 1114112K
  class space    used 7097K, committed 7360K, reserved 1048576K
}
Event: 14685.022 GC heap after
{Heap after GC invocations=1135 (full 1120):
 garbage-first heap   total 122880K, used 36774K [0x00000000c0000000, 0x0000000100000000)
  region size 1024K, 0 young (0K), 0 survivors (0K)
 Metaspace       used 59701K, committed 60352K, reserved 1114112K
  class space    used 7097K, committed 7360K, reserved 1048576K
}

